0 info it worked if it ends with ok
1 verbose cli [ '/usr/pkg/bin/node',
1 verbose cli   '/usr/pkg/lib/node_modules/npm/bin/npm-cli.js',
1 verbose cli   'run',
1 verbose cli   'start',
1 verbose cli   '--scripts-prepend-node-path' ]
2 info using npm@4.0.5
3 info using node@v7.7.3
4 verbose run-script [ 'prestart', 'start', 'poststart' ]
5 info lifecycle project2@1.0.0~prestart: project2@1.0.0
6 silly lifecycle project2@1.0.0~prestart: no script for prestart, continuing
7 info lifecycle project2@1.0.0~start: project2@1.0.0
8 verbose lifecycle project2@1.0.0~start: unsafe-perm in lifecycle true
9 verbose lifecycle project2@1.0.0~start: PATH: /usr/pkg/lib/node_modules/npm/bin/node-gyp-bin:/am/courtenay/home1/tabayrafa/Desktop/2017/NWEN304/PROJECT 2/node_modules/.bin:/usr/pkg/bin:/usr/pkg/qt4/bin:/usr/pkg/java/bin:/usr/pkg/java/sun-8/bin:/usr/local/bin:/usr/pkg/bin:/bin:/usr/bin:/usr/games
10 verbose lifecycle project2@1.0.0~start: CWD: /am/courtenay/home1/tabayrafa/Desktop/2017/NWEN304/PROJECT 2
11 silly lifecycle project2@1.0.0~start: Args: [ '-c', 'node index.js' ]
12 silly lifecycle project2@1.0.0~start: Returned: code: 1  signal: null
13 info lifecycle project2@1.0.0~start: Failed to exec start script
14 verbose stack Error: project2@1.0.0 start: `node index.js`
14 verbose stack Exit status 1
14 verbose stack     at EventEmitter.<anonymous> (/usr/pkg/lib/node_modules/npm/lib/utils/lifecycle.js:279:16)
14 verbose stack     at emitTwo (events.js:106:13)
14 verbose stack     at EventEmitter.emit (events.js:194:7)
14 verbose stack     at ChildProcess.<anonymous> (/usr/pkg/lib/node_modules/npm/lib/utils/spawn.js:40:14)
14 verbose stack     at emitTwo (events.js:106:13)
14 verbose stack     at ChildProcess.emit (events.js:194:7)
14 verbose stack     at maybeClose (internal/child_process.js:899:16)
14 verbose stack     at Process.ChildProcess._handle.onexit (internal/child_process.js:226:5)
15 verbose pkgid project2@1.0.0
16 verbose cwd /am/courtenay/home1/tabayrafa/Desktop/2017/NWEN304/PROJECT 2
17 error Linux 4.9.6-1-ARCH
18 error argv "/usr/pkg/bin/node" "/usr/pkg/lib/node_modules/npm/bin/npm-cli.js" "run" "start" "--scripts-prepend-node-path"
19 error node v7.7.3
20 error npm  v4.0.5
21 error code ELIFECYCLE
22 error project2@1.0.0 start: `node index.js`
22 error Exit status 1
23 error Failed at the project2@1.0.0 start script 'node index.js'.
23 error Make sure you have the latest version of node.js and npm installed.
23 error If you do, this is most likely a problem with the project2 package,
23 error not with npm itself.
23 error Tell the author that this fails on your system:
23 error     node index.js
23 error You can get information on how to open an issue for this project with:
23 error     npm bugs project2
23 error Or if that isn't available, you can get their info via:
23 error     npm owner ls project2
23 error There is likely additional logging output above.
24 verbose exit [ 1, true ]
